[17-Jun-2024 11:16:03 UTC] PHP Warning:  Attempt to read property "title" on null in C:\Users\Joyce\Local Sites\myuni\app\public\wp-includes\class-wp-customize-widgets.php on line 905
[17-Jun-2024 11:16:35 UTC] PHP Warning:  Attempt to read property "title" on null in C:\Users\Joyce\Local Sites\myuni\app\public\wp-includes\class-wp-customize-widgets.php on line 905
[17-Jun-2024 11:17:32 UTC] PHP Warning:  Attempt to read property "title" on null in C:\Users\Joyce\Local Sites\myuni\app\public\wp-includes\class-wp-customize-widgets.php on line 905
[17-Jun-2024 11:18:03 UTC] PHP Warning:  Attempt to read property "title" on null in C:\Users\Joyce\Local Sites\myuni\app\public\wp-includes\class-wp-customize-widgets.php on line 905
[18-Jun-2024 08:40:38 UTC] PHP Parse error:  syntax error, unexpected identifier "init", expecting ")" in C:\Users\Joyce\Local Sites\myuni\app\public\wp-content\themes\my_uni\functions.php on line 26
[18-Jun-2024 08:40:38 UTC] PHP Warning:  Trying to access array offset on value of type bool in C:\Users\Joyce\Local Sites\myuni\app\public\wp-includes\class-wp-recovery-mode-email-service.php on line 367
[18-Jun-2024 08:40:38 UTC] PHP Warning:  Trying to access array offset on value of type bool in C:\Users\Joyce\Local Sites\myuni\app\public\wp-includes\class-wp-recovery-mode-email-service.php on line 368
[18-Jun-2024 08:40:40 UTC] PHP Parse error:  syntax error, unexpected identifier "init", expecting ")" in C:\Users\Joyce\Local Sites\myuni\app\public\wp-content\themes\my_uni\functions.php on line 26
[18-Jun-2024 08:40:40 UTC] PHP Parse error:  syntax error, unexpected identifier "init", expecting ")" in C:\Users\Joyce\Local Sites\myuni\app\public\wp-content\themes\my_uni\functions.php on line 26
[18-Jun-2024 08:40:40 UTC] PHP Parse error:  syntax error, unexpected identifier "init", expecting ")" in C:\Users\Joyce\Local Sites\myuni\app\public\wp-content\themes\my_uni\functions.php on line 26
[18-Jun-2024 08:40:41 UTC] PHP Parse error:  syntax error, unexpected identifier "init", expecting ")" in C:\Users\Joyce\Local Sites\myuni\app\public\wp-content\themes\my_uni\functions.php on line 26
[18-Jun-2024 08:40:42 UTC] PHP Parse error:  syntax error, unexpected identifier "init", expecting ")" in C:\Users\Joyce\Local Sites\myuni\app\public\wp-content\themes\my_uni\functions.php on line 26
[18-Jun-2024 08:40:42 UTC] PHP Parse error:  syntax error, unexpected identifier "init", expecting ")" in C:\Users\Joyce\Local Sites\myuni\app\public\wp-content\themes\my_uni\functions.php on line 26
[18-Jun-2024 08:40:42 UTC] PHP Parse error:  syntax error, unexpected identifier "init", expecting ")" in C:\Users\Joyce\Local Sites\myuni\app\public\wp-content\themes\my_uni\functions.php on line 26
[18-Jun-2024 08:40:43 UTC] PHP Parse error:  syntax error, unexpected identifier "init", expecting ")" in C:\Users\Joyce\Local Sites\myuni\app\public\wp-content\themes\my_uni\functions.php on line 26
[18-Jun-2024 08:40:44 UTC] PHP Parse error:  syntax error, unexpected identifier "init", expecting ")" in C:\Users\Joyce\Local Sites\myuni\app\public\wp-content\themes\my_uni\functions.php on line 26
[18-Jun-2024 08:40:47 UTC] PHP Parse error:  syntax error, unexpected identifier "init", expecting ")" in C:\Users\Joyce\Local Sites\myuni\app\public\wp-content\themes\my_uni\functions.php on line 26
[18-Jun-2024 08:40:47 UTC] PHP Parse error:  syntax error, unexpected identifier "init", expecting ")" in C:\Users\Joyce\Local Sites\myuni\app\public\wp-content\themes\my_uni\functions.php on line 26
[18-Jun-2024 08:40:48 UTC] PHP Parse error:  syntax error, unexpected identifier "init", expecting ")" in C:\Users\Joyce\Local Sites\myuni\app\public\wp-content\themes\my_uni\functions.php on line 26
[18-Jun-2024 08:40:48 UTC] PHP Parse error:  syntax error, unexpected identifier "init", expecting ")" in C:\Users\Joyce\Local Sites\myuni\app\public\wp-content\themes\my_uni\functions.php on line 26
[18-Jun-2024 08:40:54 UTC] PHP Parse error:  syntax error, unexpected identifier "init", expecting ")" in C:\Users\Joyce\Local Sites\myuni\app\public\wp-content\themes\my_uni\functions.php on line 26
[18-Jun-2024 08:40:54 UTC] PHP Parse error:  syntax error, unexpected identifier "init", expecting ")" in C:\Users\Joyce\Local Sites\myuni\app\public\wp-content\themes\my_uni\functions.php on line 26
[18-Jun-2024 08:41:39 UTC] PHP Parse error:  syntax error, unexpected identifier "init", expecting ")" in C:\Users\Joyce\Local Sites\myuni\app\public\wp-content\themes\my_uni\functions.php on line 26
[18-Jun-2024 08:41:39 UTC] PHP Parse error:  syntax error, unexpected identifier "init", expecting ")" in C:\Users\Joyce\Local Sites\myuni\app\public\wp-content\themes\my_uni\functions.php on line 26
[18-Jun-2024 08:41:41 UTC] PHP Parse error:  syntax error, unexpected identifier "init", expecting ")" in C:\Users\Joyce\Local Sites\myuni\app\public\wp-content\themes\my_uni\functions.php on line 26
[18-Jun-2024 08:41:41 UTC] PHP Parse error:  syntax error, unexpected identifier "init", expecting ")" in C:\Users\Joyce\Local Sites\myuni\app\public\wp-content\themes\my_uni\functions.php on line 26
[18-Jun-2024 08:41:42 UTC] PHP Parse error:  syntax error, unexpected identifier "init", expecting ")" in C:\Users\Joyce\Local Sites\myuni\app\public\wp-content\themes\my_uni\functions.php on line 26
[18-Jun-2024 08:41:42 UTC] PHP Parse error:  syntax error, unexpected identifier "init", expecting ")" in C:\Users\Joyce\Local Sites\myuni\app\public\wp-content\themes\my_uni\functions.php on line 26
[18-Jun-2024 08:43:28 UTC] PHP Parse error:  syntax error, unexpected identifier "init", expecting ")" in C:\Users\Joyce\Local Sites\myuni\app\public\wp-content\themes\my_uni\functions.php on line 27
[18-Jun-2024 08:43:28 UTC] PHP Parse error:  syntax error, unexpected identifier "init", expecting ")" in C:\Users\Joyce\Local Sites\myuni\app\public\wp-content\themes\my_uni\functions.php on line 27
[18-Jun-2024 08:43:30 UTC] PHP Parse error:  syntax error, unexpected identifier "init", expecting ")" in C:\Users\Joyce\Local Sites\myuni\app\public\wp-content\themes\my_uni\functions.php on line 27
[18-Jun-2024 08:43:30 UTC] PHP Parse error:  syntax error, unexpected identifier "init", expecting ")" in C:\Users\Joyce\Local Sites\myuni\app\public\wp-content\themes\my_uni\functions.php on line 27
[18-Jun-2024 08:43:36 UTC] PHP Parse error:  syntax error, unexpected identifier "init", expecting ")" in C:\Users\Joyce\Local Sites\myuni\app\public\wp-content\themes\my_uni\functions.php on line 27
[18-Jun-2024 08:43:37 UTC] PHP Parse error:  syntax error, unexpected identifier "init", expecting ")" in C:\Users\Joyce\Local Sites\myuni\app\public\wp-content\themes\my_uni\functions.php on line 27
[18-Jun-2024 08:46:22 UTC] PHP Parse error:  syntax error, unexpected end of file in C:\Users\Joyce\Local Sites\myuni\app\public\wp-content\themes\my_uni\functions.php on line 25
[18-Jun-2024 08:46:22 UTC] PHP Parse error:  syntax error, unexpected end of file in C:\Users\Joyce\Local Sites\myuni\app\public\wp-content\themes\my_uni\functions.php on line 25
[18-Jun-2024 08:46:24 UTC] PHP Parse error:  syntax error, unexpected end of file in C:\Users\Joyce\Local Sites\myuni\app\public\wp-content\themes\my_uni\functions.php on line 25
[18-Jun-2024 08:46:24 UTC] PHP Parse error:  syntax error, unexpected end of file in C:\Users\Joyce\Local Sites\myuni\app\public\wp-content\themes\my_uni\functions.php on line 25
[18-Jun-2024 08:46:38 UTC] PHP Fatal error:  Uncaught Error: Undefined constant "school_events" in C:\Users\Joyce\Local Sites\myuni\app\public\wp-content\themes\my_uni\functions.php:25
Stack trace:
#0 C:\Users\Joyce\Local Sites\myuni\app\public\wp-settings.php(663): include()
#1 C:\Users\Joyce\Local Sites\myuni\app\public\wp-config.php(103): require_once('C:\\Users\\Joyce\\...')
#2 C:\Users\Joyce\Local Sites\myuni\app\public\wp-load.php(50): require_once('C:\\Users\\Joyce\\...')
#3 C:\Users\Joyce\Local Sites\myuni\app\public\wp-admin\admin.php(34): require_once('C:\\Users\\Joyce\\...')
#4 C:\Users\Joyce\Local Sites\myuni\app\public\wp-admin\index.php(10): require_once('C:\\Users\\Joyce\\...')
#5 {main}
  thrown in C:\Users\Joyce\Local Sites\myuni\app\public\wp-content\themes\my_uni\functions.php on line 25
[18-Jun-2024 08:46:38 UTC] PHP Fatal error:  Uncaught Error: Undefined constant "school_events" in C:\Users\Joyce\Local Sites\myuni\app\public\wp-content\themes\my_uni\functions.php:25
Stack trace:
#0 C:\Users\Joyce\Local Sites\myuni\app\public\wp-settings.php(663): include()
#1 C:\Users\Joyce\Local Sites\myuni\app\public\wp-config.php(103): require_once('C:\\Users\\Joyce\\...')
#2 C:\Users\Joyce\Local Sites\myuni\app\public\wp-load.php(50): require_once('C:\\Users\\Joyce\\...')
#3 C:\Users\Joyce\Local Sites\myuni\app\public\wp-blog-header.php(13): require_once('C:\\Users\\Joyce\\...')
#4 C:\Users\Joyce\Local Sites\myuni\app\public\index.php(17): require('C:\\Users\\Joyce\\...')
#5 {main}
  thrown in C:\Users\Joyce\Local Sites\myuni\app\public\wp-content\themes\my_uni\functions.php on line 25
[18-Jun-2024 08:47:51 UTC] PHP Fatal error:  Uncaught Error: Undefined constant "school_events" in C:\Users\Joyce\Local Sites\myuni\app\public\wp-content\themes\my_uni\functions.php:26
Stack trace:
#0 C:\Users\Joyce\Local Sites\myuni\app\public\wp-settings.php(663): include()
#1 C:\Users\Joyce\Local Sites\myuni\app\public\wp-config.php(103): require_once('C:\\Users\\Joyce\\...')
#2 C:\Users\Joyce\Local Sites\myuni\app\public\wp-load.php(50): require_once('C:\\Users\\Joyce\\...')
#3 C:\Users\Joyce\Local Sites\myuni\app\public\wp-admin\admin.php(34): require_once('C:\\Users\\Joyce\\...')
#4 C:\Users\Joyce\Local Sites\myuni\app\public\wp-admin\index.php(10): require_once('C:\\Users\\Joyce\\...')
#5 {main}
  thrown in C:\Users\Joyce\Local Sites\myuni\app\public\wp-content\themes\my_uni\functions.php on line 26
[18-Jun-2024 08:47:51 UTC] PHP Fatal error:  Uncaught Error: Undefined constant "school_events" in C:\Users\Joyce\Local Sites\myuni\app\public\wp-content\themes\my_uni\functions.php:26
Stack trace:
#0 C:\Users\Joyce\Local Sites\myuni\app\public\wp-settings.php(663): include()
#1 C:\Users\Joyce\Local Sites\myuni\app\public\wp-config.php(103): require_once('C:\\Users\\Joyce\\...')
#2 C:\Users\Joyce\Local Sites\myuni\app\public\wp-load.php(50): require_once('C:\\Users\\Joyce\\...')
#3 C:\Users\Joyce\Local Sites\myuni\app\public\wp-blog-header.php(13): require_once('C:\\Users\\Joyce\\...')
#4 C:\Users\Joyce\Local Sites\myuni\app\public\index.php(17): require('C:\\Users\\Joyce\\...')
#5 {main}
  thrown in C:\Users\Joyce\Local Sites\myuni\app\public\wp-content\themes\my_uni\functions.php on line 26
[18-Jun-2024 10:00:58 UTC] PHP Parse error:  syntax error, unexpected single-quoted string "menu_icon", expecting ")" in C:\Users\Joyce\Local Sites\myuni\app\public\wp-content\themes\my_uni\functions.php on line 26
[18-Jun-2024 10:00:58 UTC] PHP Parse error:  syntax error, unexpected single-quoted string "menu_icon", expecting ")" in C:\Users\Joyce\Local Sites\myuni\app\public\wp-content\themes\my_uni\functions.php on line 26
[24-Jun-2024 16:35:26 UTC] PHP Fatal error:  Uncaught Error: Undefined constant "event_date" in C:\Users\Joyce\Local Sites\myuni\app\public\wp-content\themes\my_uni\front-page.php:62
Stack trace:
#0 C:\Users\Joyce\Local Sites\myuni\app\public\wp-includes\template-loader.php(106): include()
#1 C:\Users\Joyce\Local Sites\myuni\app\public\wp-blog-header.php(19): require_once('C:\\Users\\Joyce\\...')
#2 C:\Users\Joyce\Local Sites\myuni\app\public\index.php(17): require('C:\\Users\\Joyce\\...')
#3 {main}
  thrown in C:\Users\Joyce\Local Sites\myuni\app\public\wp-content\themes\my_uni\front-page.php on line 62
[24-Jun-2024 16:37:28 UTC] PHP Fatal error:  Uncaught Error: Undefined constant "event_date" in C:\Users\Joyce\Local Sites\myuni\app\public\wp-content\themes\my_uni\front-page.php:62
Stack trace:
#0 C:\Users\Joyce\Local Sites\myuni\app\public\wp-includes\template-loader.php(106): include()
#1 C:\Users\Joyce\Local Sites\myuni\app\public\wp-blog-header.php(19): require_once('C:\\Users\\Joyce\\...')
#2 C:\Users\Joyce\Local Sites\myuni\app\public\index.php(17): require('C:\\Users\\Joyce\\...')
#3 {main}
  thrown in C:\Users\Joyce\Local Sites\myuni\app\public\wp-content\themes\my_uni\front-page.php on line 62
[24-Jun-2024 16:37:30 UTC] PHP Fatal error:  Uncaught Error: Undefined constant "event_date" in C:\Users\Joyce\Local Sites\myuni\app\public\wp-content\themes\my_uni\front-page.php:62
Stack trace:
#0 C:\Users\Joyce\Local Sites\myuni\app\public\wp-includes\template-loader.php(106): include()
#1 C:\Users\Joyce\Local Sites\myuni\app\public\wp-blog-header.php(19): require_once('C:\\Users\\Joyce\\...')
#2 C:\Users\Joyce\Local Sites\myuni\app\public\index.php(17): require('C:\\Users\\Joyce\\...')
#3 {main}
  thrown in C:\Users\Joyce\Local Sites\myuni\app\public\wp-content\themes\my_uni\front-page.php on line 62
[24-Jun-2024 16:37:31 UTC] PHP Fatal error:  Uncaught Error: Undefined constant "event_date" in C:\Users\Joyce\Local Sites\myuni\app\public\wp-content\themes\my_uni\front-page.php:62
Stack trace:
#0 C:\Users\Joyce\Local Sites\myuni\app\public\wp-includes\template-loader.php(106): include()
#1 C:\Users\Joyce\Local Sites\myuni\app\public\wp-blog-header.php(19): require_once('C:\\Users\\Joyce\\...')
#2 C:\Users\Joyce\Local Sites\myuni\app\public\index.php(17): require('C:\\Users\\Joyce\\...')
#3 {main}
  thrown in C:\Users\Joyce\Local Sites\myuni\app\public\wp-content\themes\my_uni\front-page.php on line 62
[24-Jun-2024 17:13:21 UTC] PHP Fatal error:  Uncaught Error: Call to undefined function geth_the_field() in C:\Users\Joyce\Local Sites\myuni\app\public\wp-content\themes\my_uni\front-page.php:24
Stack trace:
#0 C:\Users\Joyce\Local Sites\myuni\app\public\wp-includes\template-loader.php(106): include()
#1 C:\Users\Joyce\Local Sites\myuni\app\public\wp-blog-header.php(19): require_once('C:\\Users\\Joyce\\...')
#2 C:\Users\Joyce\Local Sites\myuni\app\public\index.php(17): require('C:\\Users\\Joyce\\...')
#3 {main}
  thrown in C:\Users\Joyce\Local Sites\myuni\app\public\wp-content\themes\my_uni\front-page.php on line 24
[24-Jun-2024 17:13:54 UTC] PHP Fatal error:  Uncaught Error: Call to undefined function geth_the_field() in C:\Users\Joyce\Local Sites\myuni\app\public\wp-content\themes\my_uni\front-page.php:24
Stack trace:
#0 C:\Users\Joyce\Local Sites\myuni\app\public\wp-includes\template-loader.php(106): include()
#1 C:\Users\Joyce\Local Sites\myuni\app\public\wp-blog-header.php(19): require_once('C:\\Users\\Joyce\\...')
#2 C:\Users\Joyce\Local Sites\myuni\app\public\index.php(17): require('C:\\Users\\Joyce\\...')
#3 {main}
  thrown in C:\Users\Joyce\Local Sites\myuni\app\public\wp-content\themes\my_uni\front-page.php on line 24
[24-Jun-2024 17:14:45 UTC] PHP Fatal error:  Uncaught Error: Call to undefined function geth_the_field() in C:\Users\Joyce\Local Sites\myuni\app\public\wp-content\themes\my_uni\front-page.php:24
Stack trace:
#0 C:\Users\Joyce\Local Sites\myuni\app\public\wp-includes\template-loader.php(106): include()
#1 C:\Users\Joyce\Local Sites\myuni\app\public\wp-blog-header.php(19): require_once('C:\\Users\\Joyce\\...')
#2 C:\Users\Joyce\Local Sites\myuni\app\public\index.php(17): require('C:\\Users\\Joyce\\...')
#3 {main}
  thrown in C:\Users\Joyce\Local Sites\myuni\app\public\wp-content\themes\my_uni\front-page.php on line 24
[24-Jun-2024 17:15:51 UTC] PHP Fatal error:  Uncaught Error: Call to undefined function geth_the_field() in C:\Users\Joyce\Local Sites\myuni\app\public\wp-content\themes\my_uni\front-page.php:24
Stack trace:
#0 C:\Users\Joyce\Local Sites\myuni\app\public\wp-includes\template-loader.php(106): include()
#1 C:\Users\Joyce\Local Sites\myuni\app\public\wp-blog-header.php(19): require_once('C:\\Users\\Joyce\\...')
#2 C:\Users\Joyce\Local Sites\myuni\app\public\index.php(17): require('C:\\Users\\Joyce\\...')
#3 {main}
  thrown in C:\Users\Joyce\Local Sites\myuni\app\public\wp-content\themes\my_uni\front-page.php on line 24
[24-Jun-2024 17:15:52 UTC] PHP Fatal error:  Uncaught Error: Call to undefined function geth_the_field() in C:\Users\Joyce\Local Sites\myuni\app\public\wp-content\themes\my_uni\front-page.php:24
Stack trace:
#0 C:\Users\Joyce\Local Sites\myuni\app\public\wp-includes\template-loader.php(106): include()
#1 C:\Users\Joyce\Local Sites\myuni\app\public\wp-blog-header.php(19): require_once('C:\\Users\\Joyce\\...')
#2 C:\Users\Joyce\Local Sites\myuni\app\public\index.php(17): require('C:\\Users\\Joyce\\...')
#3 {main}
  thrown in C:\Users\Joyce\Local Sites\myuni\app\public\wp-content\themes\my_uni\front-page.php on line 24
[24-Jun-2024 17:17:52 UTC] PHP Fatal error:  Uncaught Error: Call to undefined function get_the_field() in C:\Users\Joyce\Local Sites\myuni\app\public\wp-content\themes\my_uni\front-page.php:24
Stack trace:
#0 C:\Users\Joyce\Local Sites\myuni\app\public\wp-includes\template-loader.php(106): include()
#1 C:\Users\Joyce\Local Sites\myuni\app\public\wp-blog-header.php(19): require_once('C:\\Users\\Joyce\\...')
#2 C:\Users\Joyce\Local Sites\myuni\app\public\index.php(17): require('C:\\Users\\Joyce\\...')
#3 {main}
  thrown in C:\Users\Joyce\Local Sites\myuni\app\public\wp-content\themes\my_uni\front-page.php on line 24
[24-Jun-2024 17:17:53 UTC] PHP Fatal error:  Uncaught Error: Call to undefined function get_the_field() in C:\Users\Joyce\Local Sites\myuni\app\public\wp-content\themes\my_uni\front-page.php:24
Stack trace:
#0 C:\Users\Joyce\Local Sites\myuni\app\public\wp-includes\template-loader.php(106): include()
#1 C:\Users\Joyce\Local Sites\myuni\app\public\wp-blog-header.php(19): require_once('C:\\Users\\Joyce\\...')
#2 C:\Users\Joyce\Local Sites\myuni\app\public\index.php(17): require('C:\\Users\\Joyce\\...')
#3 {main}
  thrown in C:\Users\Joyce\Local Sites\myuni\app\public\wp-content\themes\my_uni\front-page.php on line 24
[24-Jun-2024 17:18:27 UTC] PHP Fatal error:  Uncaught Error: Call to undefined function get_the_field() in C:\Users\Joyce\Local Sites\myuni\app\public\wp-content\themes\my_uni\front-page.php:29
Stack trace:
#0 C:\Users\Joyce\Local Sites\myuni\app\public\wp-includes\template-loader.php(106): include()
#1 C:\Users\Joyce\Local Sites\myuni\app\public\wp-blog-header.php(19): require_once('C:\\Users\\Joyce\\...')
#2 C:\Users\Joyce\Local Sites\myuni\app\public\index.php(17): require('C:\\Users\\Joyce\\...')
#3 {main}
  thrown in C:\Users\Joyce\Local Sites\myuni\app\public\wp-content\themes\my_uni\front-page.php on line 29
[24-Jun-2024 17:18:29 UTC] PHP Fatal error:  Uncaught Error: Call to undefined function get_the_field() in C:\Users\Joyce\Local Sites\myuni\app\public\wp-content\themes\my_uni\front-page.php:29
Stack trace:
#0 C:\Users\Joyce\Local Sites\myuni\app\public\wp-includes\template-loader.php(106): include()
#1 C:\Users\Joyce\Local Sites\myuni\app\public\wp-blog-header.php(19): require_once('C:\\Users\\Joyce\\...')
#2 C:\Users\Joyce\Local Sites\myuni\app\public\index.php(17): require('C:\\Users\\Joyce\\...')
#3 {main}
  thrown in C:\Users\Joyce\Local Sites\myuni\app\public\wp-content\themes\my_uni\front-page.php on line 29
[24-Jun-2024 17:19:41 UTC] PHP Fatal error:  Uncaught Error: Call to undefined function get_the_field() in C:\Users\Joyce\Local Sites\myuni\app\public\wp-content\themes\my_uni\front-page.php:29
Stack trace:
#0 C:\Users\Joyce\Local Sites\myuni\app\public\wp-includes\template-loader.php(106): include()
#1 C:\Users\Joyce\Local Sites\myuni\app\public\wp-blog-header.php(19): require_once('C:\\Users\\Joyce\\...')
#2 C:\Users\Joyce\Local Sites\myuni\app\public\index.php(17): require('C:\\Users\\Joyce\\...')
#3 {main}
  thrown in C:\Users\Joyce\Local Sites\myuni\app\public\wp-content\themes\my_uni\front-page.php on line 29
[24-Jun-2024 17:20:40 UTC] PHP Fatal error:  Uncaught Exception: Failed to parse time string (26/12/2024) at position 0 (2): Unexpected character in C:\Users\Joyce\Local Sites\myuni\app\public\wp-content\themes\my_uni\front-page.php:28
Stack trace:
#0 C:\Users\Joyce\Local Sites\myuni\app\public\wp-content\themes\my_uni\front-page.php(28): DateTime->__construct('26/12/2024')
#1 C:\Users\Joyce\Local Sites\myuni\app\public\wp-includes\template-loader.php(106): include('C:\\Users\\Joyce\\...')
#2 C:\Users\Joyce\Local Sites\myuni\app\public\wp-blog-header.php(19): require_once('C:\\Users\\Joyce\\...')
#3 C:\Users\Joyce\Local Sites\myuni\app\public\index.php(17): require('C:\\Users\\Joyce\\...')
#4 {main}
  thrown in C:\Users\Joyce\Local Sites\myuni\app\public\wp-content\themes\my_uni\front-page.php on line 28
[24-Jun-2024 17:21:31 UTC] PHP Fatal error:  Uncaught Exception: Failed to parse time string (26/12/2024) at position 0 (2): Unexpected character in C:\Users\Joyce\Local Sites\myuni\app\public\wp-content\themes\my_uni\front-page.php:28
Stack trace:
#0 C:\Users\Joyce\Local Sites\myuni\app\public\wp-content\themes\my_uni\front-page.php(28): DateTime->__construct('26/12/2024')
#1 C:\Users\Joyce\Local Sites\myuni\app\public\wp-includes\template-loader.php(106): include('C:\\Users\\Joyce\\...')
#2 C:\Users\Joyce\Local Sites\myuni\app\public\wp-blog-header.php(19): require_once('C:\\Users\\Joyce\\...')
#3 C:\Users\Joyce\Local Sites\myuni\app\public\index.php(17): require('C:\\Users\\Joyce\\...')
#4 {main}
  thrown in C:\Users\Joyce\Local Sites\myuni\app\public\wp-content\themes\my_uni\front-page.php on line 28
[24-Jun-2024 17:26:38 UTC] PHP Fatal error:  Uncaught Exception: Failed to parse time string (26/12/2024) at position 0 (2): Unexpected character in C:\Users\Joyce\Local Sites\myuni\app\public\wp-content\themes\my_uni\front-page.php:28
Stack trace:
#0 C:\Users\Joyce\Local Sites\myuni\app\public\wp-content\themes\my_uni\front-page.php(28): DateTime->__construct('26/12/2024')
#1 C:\Users\Joyce\Local Sites\myuni\app\public\wp-includes\template-loader.php(106): include('C:\\Users\\Joyce\\...')
#2 C:\Users\Joyce\Local Sites\myuni\app\public\wp-blog-header.php(19): require_once('C:\\Users\\Joyce\\...')
#3 C:\Users\Joyce\Local Sites\myuni\app\public\index.php(17): require('C:\\Users\\Joyce\\...')
#4 {main}
  thrown in C:\Users\Joyce\Local Sites\myuni\app\public\wp-content\themes\my_uni\front-page.php on line 28
[24-Jun-2024 17:27:48 UTC] PHP Parse error:  syntax error, unexpected token ">" in C:\Users\Joyce\Local Sites\myuni\app\public\wp-content\themes\my_uni\front-page.php on line 23
[24-Jun-2024 17:28:38 UTC] PHP Fatal error:  Uncaught Exception: Failed to parse time string (26/12/2024) at position 0 (2): Unexpected character in C:\Users\Joyce\Local Sites\myuni\app\public\wp-content\themes\my_uni\front-page.php:27
Stack trace:
#0 C:\Users\Joyce\Local Sites\myuni\app\public\wp-content\themes\my_uni\front-page.php(27): DateTime->__construct('26/12/2024')
#1 C:\Users\Joyce\Local Sites\myuni\app\public\wp-includes\template-loader.php(106): include('C:\\Users\\Joyce\\...')
#2 C:\Users\Joyce\Local Sites\myuni\app\public\wp-blog-header.php(19): require_once('C:\\Users\\Joyce\\...')
#3 C:\Users\Joyce\Local Sites\myuni\app\public\index.php(17): require('C:\\Users\\Joyce\\...')
#4 {main}
  thrown in C:\Users\Joyce\Local Sites\myuni\app\public\wp-content\themes\my_uni\front-page.php on line 27
[24-Jun-2024 17:30:36 UTC] PHP Fatal error:  Uncaught Exception: Failed to parse time string (26/12/2024) at position 0 (2): Unexpected character in C:\Users\Joyce\Local Sites\myuni\app\public\wp-content\themes\my_uni\front-page.php:27
Stack trace:
#0 C:\Users\Joyce\Local Sites\myuni\app\public\wp-content\themes\my_uni\front-page.php(27): DateTime->__construct('26/12/2024')
#1 C:\Users\Joyce\Local Sites\myuni\app\public\wp-includes\template-loader.php(106): include('C:\\Users\\Joyce\\...')
#2 C:\Users\Joyce\Local Sites\myuni\app\public\wp-blog-header.php(19): require_once('C:\\Users\\Joyce\\...')
#3 C:\Users\Joyce\Local Sites\myuni\app\public\index.php(17): require('C:\\Users\\Joyce\\...')
#4 {main}
  thrown in C:\Users\Joyce\Local Sites\myuni\app\public\wp-content\themes\my_uni\front-page.php on line 27
[24-Jun-2024 17:32:10 UTC] PHP Fatal error:  Uncaught Exception: Failed to parse time string (26/12/2024) at position 0 (2): Unexpected character in C:\Users\Joyce\Local Sites\myuni\app\public\wp-content\themes\my_uni\front-page.php:27
Stack trace:
#0 C:\Users\Joyce\Local Sites\myuni\app\public\wp-content\themes\my_uni\front-page.php(27): DateTime->__construct('26/12/2024')
#1 C:\Users\Joyce\Local Sites\myuni\app\public\wp-includes\template-loader.php(106): include('C:\\Users\\Joyce\\...')
#2 C:\Users\Joyce\Local Sites\myuni\app\public\wp-blog-header.php(19): require_once('C:\\Users\\Joyce\\...')
#3 C:\Users\Joyce\Local Sites\myuni\app\public\index.php(17): require('C:\\Users\\Joyce\\...')
#4 {main}
  thrown in C:\Users\Joyce\Local Sites\myuni\app\public\wp-content\themes\my_uni\front-page.php on line 27
[24-Jun-2024 17:32:12 UTC] PHP Fatal error:  Uncaught Exception: Failed to parse time string (26/12/2024) at position 0 (2): Unexpected character in C:\Users\Joyce\Local Sites\myuni\app\public\wp-content\themes\my_uni\front-page.php:27
Stack trace:
#0 C:\Users\Joyce\Local Sites\myuni\app\public\wp-content\themes\my_uni\front-page.php(27): DateTime->__construct('26/12/2024')
#1 C:\Users\Joyce\Local Sites\myuni\app\public\wp-includes\template-loader.php(106): include('C:\\Users\\Joyce\\...')
#2 C:\Users\Joyce\Local Sites\myuni\app\public\wp-blog-header.php(19): require_once('C:\\Users\\Joyce\\...')
#3 C:\Users\Joyce\Local Sites\myuni\app\public\index.php(17): require('C:\\Users\\Joyce\\...')
#4 {main}
  thrown in C:\Users\Joyce\Local Sites\myuni\app\public\wp-content\themes\my_uni\front-page.php on line 27
[24-Jun-2024 17:34:16 UTC] PHP Fatal error:  Uncaught Exception: Failed to parse time string (26/12/2024) at position 0 (2): Unexpected character in C:\Users\Joyce\Local Sites\myuni\app\public\wp-content\themes\my_uni\front-page.php:27
Stack trace:
#0 C:\Users\Joyce\Local Sites\myuni\app\public\wp-content\themes\my_uni\front-page.php(27): DateTime->__construct('26/12/2024')
#1 C:\Users\Joyce\Local Sites\myuni\app\public\wp-includes\template-loader.php(106): include('C:\\Users\\Joyce\\...')
#2 C:\Users\Joyce\Local Sites\myuni\app\public\wp-blog-header.php(19): require_once('C:\\Users\\Joyce\\...')
#3 C:\Users\Joyce\Local Sites\myuni\app\public\index.php(17): require('C:\\Users\\Joyce\\...')
#4 {main}
  thrown in C:\Users\Joyce\Local Sites\myuni\app\public\wp-content\themes\my_uni\front-page.php on line 27
[24-Jun-2024 17:39:21 UTC] PHP Parse error:  syntax error, unexpected token "=>", expecting "," or ";" in C:\Users\Joyce\Local Sites\myuni\app\public\wp-content\themes\my_uni\front-page.php on line 28
[24-Jun-2024 17:39:44 UTC] PHP Parse error:  syntax error, unexpected token "=>", expecting "," or ";" in C:\Users\Joyce\Local Sites\myuni\app\public\wp-content\themes\my_uni\front-page.php on line 29
[24-Jun-2024 17:40:01 UTC] PHP Fatal error:  Uncaught Exception: Failed to parse time string (26/12/2024) at position 0 (2): Unexpected character in C:\Users\Joyce\Local Sites\myuni\app\public\wp-content\themes\my_uni\front-page.php:27
Stack trace:
#0 C:\Users\Joyce\Local Sites\myuni\app\public\wp-content\themes\my_uni\front-page.php(27): DateTime->__construct('26/12/2024')
#1 C:\Users\Joyce\Local Sites\myuni\app\public\wp-includes\template-loader.php(106): include('C:\\Users\\Joyce\\...')
#2 C:\Users\Joyce\Local Sites\myuni\app\public\wp-blog-header.php(19): require_once('C:\\Users\\Joyce\\...')
#3 C:\Users\Joyce\Local Sites\myuni\app\public\index.php(17): require('C:\\Users\\Joyce\\...')
#4 {main}
  thrown in C:\Users\Joyce\Local Sites\myuni\app\public\wp-content\themes\my_uni\front-page.php on line 27
[24-Jun-2024 17:40:42 UTC] PHP Parse error:  syntax error, unexpected token "/" in C:\Users\Joyce\Local Sites\myuni\app\public\wp-content\themes\my_uni\front-page.php on line 28
[24-Jun-2024 17:40:57 UTC] PHP Fatal error:  Uncaught Exception: Failed to parse time string (26/12/2024) at position 0 (2): Unexpected character in C:\Users\Joyce\Local Sites\myuni\app\public\wp-content\themes\my_uni\front-page.php:27
Stack trace:
#0 C:\Users\Joyce\Local Sites\myuni\app\public\wp-content\themes\my_uni\front-page.php(27): DateTime->__construct('26/12/2024')
#1 C:\Users\Joyce\Local Sites\myuni\app\public\wp-includes\template-loader.php(106): include('C:\\Users\\Joyce\\...')
#2 C:\Users\Joyce\Local Sites\myuni\app\public\wp-blog-header.php(19): require_once('C:\\Users\\Joyce\\...')
#3 C:\Users\Joyce\Local Sites\myuni\app\public\index.php(17): require('C:\\Users\\Joyce\\...')
#4 {main}
  thrown in C:\Users\Joyce\Local Sites\myuni\app\public\wp-content\themes\my_uni\front-page.php on line 27
[25-Jun-2024 01:26:41 UTC] PHP Fatal error:  Uncaught Exception: Failed to parse time string (26/12/2024) at position 0 (2): Unexpected character in C:\Users\Joyce\Local Sites\myuni\app\public\wp-content\themes\my_uni\front-page.php:27
Stack trace:
#0 C:\Users\Joyce\Local Sites\myuni\app\public\wp-content\themes\my_uni\front-page.php(27): DateTime->__construct('26/12/2024')
#1 C:\Users\Joyce\Local Sites\myuni\app\public\wp-includes\template-loader.php(106): include('C:\\Users\\Joyce\\...')
#2 C:\Users\Joyce\Local Sites\myuni\app\public\wp-blog-header.php(19): require_once('C:\\Users\\Joyce\\...')
#3 C:\Users\Joyce\Local Sites\myuni\app\public\index.php(17): require('C:\\Users\\Joyce\\...')
#4 {main}
  thrown in C:\Users\Joyce\Local Sites\myuni\app\public\wp-content\themes\my_uni\front-page.php on line 27
[25-Jun-2024 01:35:58 UTC] PHP Fatal error:  Uncaught Exception: Failed to parse time string (26/12/2024) at position 0 (2): Unexpected character in C:\Users\Joyce\Local Sites\myuni\app\public\wp-content\themes\my_uni\front-page.php:27
Stack trace:
#0 C:\Users\Joyce\Local Sites\myuni\app\public\wp-content\themes\my_uni\front-page.php(27): DateTime->__construct('26/12/2024')
#1 C:\Users\Joyce\Local Sites\myuni\app\public\wp-includes\template-loader.php(106): include('C:\\Users\\Joyce\\...')
#2 C:\Users\Joyce\Local Sites\myuni\app\public\wp-blog-header.php(19): require_once('C:\\Users\\Joyce\\...')
#3 C:\Users\Joyce\Local Sites\myuni\app\public\index.php(17): require('C:\\Users\\Joyce\\...')
#4 {main}
  thrown in C:\Users\Joyce\Local Sites\myuni\app\public\wp-content\themes\my_uni\front-page.php on line 27
[25-Jun-2024 01:41:44 UTC] PHP Fatal error:  Uncaught ArgumentCountError: Too few arguments to function the_field(), 0 passed in C:\Users\Joyce\Local Sites\myuni\app\public\wp-content\themes\my_uni\front-page.php on line 27 and at least 1 expected in C:\Users\Joyce\Local Sites\myuni\app\public\wp-content\plugins\advanced-custom-fields\includes\api\api-template.php:94
Stack trace:
#0 C:\Users\Joyce\Local Sites\myuni\app\public\wp-content\themes\my_uni\front-page.php(27): the_field()
#1 C:\Users\Joyce\Local Sites\myuni\app\public\wp-includes\template-loader.php(106): include('C:\\Users\\Joyce\\...')
#2 C:\Users\Joyce\Local Sites\myuni\app\public\wp-blog-header.php(19): require_once('C:\\Users\\Joyce\\...')
#3 C:\Users\Joyce\Local Sites\myuni\app\public\index.php(17): require('C:\\Users\\Joyce\\...')
#4 {main}
  thrown in C:\Users\Joyce\Local Sites\myuni\app\public\wp-content\plugins\advanced-custom-fields\includes\api\api-template.php on line 94
[25-Jun-2024 01:46:45 UTC] PHP Parse error:  Unclosed '{' on line 22 does not match ')' in C:\Users\Joyce\Local Sites\myuni\app\public\wp-content\themes\my_uni\front-page.php on line 27
[25-Jun-2024 01:56:27 UTC] PHP Parse error:  Unclosed '{' on line 22 does not match ')' in C:\Users\Joyce\Local Sites\myuni\app\public\wp-content\themes\my_uni\front-page.php on line 27
[25-Jun-2024 01:56:29 UTC] PHP Parse error:  Unclosed '{' on line 22 does not match ')' in C:\Users\Joyce\Local Sites\myuni\app\public\wp-content\themes\my_uni\front-page.php on line 27
[25-Jun-2024 01:58:23 UTC] PHP Fatal error:  Uncaught Error: Call to a member function format() on bool in C:\Users\Joyce\Local Sites\myuni\app\public\wp-content\themes\my_uni\front-page.php:29
Stack trace:
#0 C:\Users\Joyce\Local Sites\myuni\app\public\wp-includes\template-loader.php(106): include()
#1 C:\Users\Joyce\Local Sites\myuni\app\public\wp-blog-header.php(19): require_once('C:\\Users\\Joyce\\...')
#2 C:\Users\Joyce\Local Sites\myuni\app\public\index.php(17): require('C:\\Users\\Joyce\\...')
#3 {main}
  thrown in C:\Users\Joyce\Local Sites\myuni\app\public\wp-content\themes\my_uni\front-page.php on line 29
[25-Jun-2024 02:04:08 UTC] PHP Fatal error:  Uncaught Error: Call to a member function format() on bool in C:\Users\Joyce\Local Sites\myuni\app\public\wp-content\themes\my_uni\front-page.php:30
Stack trace:
#0 C:\Users\Joyce\Local Sites\myuni\app\public\wp-includes\template-loader.php(106): include()
#1 C:\Users\Joyce\Local Sites\myuni\app\public\wp-blog-header.php(19): require_once('C:\\Users\\Joyce\\...')
#2 C:\Users\Joyce\Local Sites\myuni\app\public\index.php(17): require('C:\\Users\\Joyce\\...')
#3 {main}
  thrown in C:\Users\Joyce\Local Sites\myuni\app\public\wp-content\themes\my_uni\front-page.php on line 30
[25-Jun-2024 02:04:41 UTC] PHP Warning:  Undefined variable $date in C:\Users\Joyce\Local Sites\myuni\app\public\wp-content\themes\my_uni\front-page.php on line 30
[25-Jun-2024 02:04:41 UTC] PHP Fatal error:  Uncaught Error: Call to a member function format() on null in C:\Users\Joyce\Local Sites\myuni\app\public\wp-content\themes\my_uni\front-page.php:30
Stack trace:
#0 C:\Users\Joyce\Local Sites\myuni\app\public\wp-includes\template-loader.php(106): include()
#1 C:\Users\Joyce\Local Sites\myuni\app\public\wp-blog-header.php(19): require_once('C:\\Users\\Joyce\\...')
#2 C:\Users\Joyce\Local Sites\myuni\app\public\index.php(17): require('C:\\Users\\Joyce\\...')
#3 {main}
  thrown in C:\Users\Joyce\Local Sites\myuni\app\public\wp-content\themes\my_uni\front-page.php on line 30
[25-Jun-2024 02:04:44 UTC] PHP Warning:  Undefined variable $date in C:\Users\Joyce\Local Sites\myuni\app\public\wp-content\themes\my_uni\front-page.php on line 30
[25-Jun-2024 02:04:44 UTC] PHP Fatal error:  Uncaught Error: Call to a member function format() on null in C:\Users\Joyce\Local Sites\myuni\app\public\wp-content\themes\my_uni\front-page.php:30
Stack trace:
#0 C:\Users\Joyce\Local Sites\myuni\app\public\wp-includes\template-loader.php(106): include()
#1 C:\Users\Joyce\Local Sites\myuni\app\public\wp-blog-header.php(19): require_once('C:\\Users\\Joyce\\...')
#2 C:\Users\Joyce\Local Sites\myuni\app\public\index.php(17): require('C:\\Users\\Joyce\\...')
#3 {main}
  thrown in C:\Users\Joyce\Local Sites\myuni\app\public\wp-content\themes\my_uni\front-page.php on line 30
[25-Jun-2024 02:17:49 UTC] PHP Warning:  Undefined variable $date in C:\Users\Joyce\Local Sites\myuni\app\public\wp-content\themes\my_uni\front-page.php on line 31
[25-Jun-2024 02:17:49 UTC] PHP Fatal error:  Uncaught Error: Call to a member function format() on null in C:\Users\Joyce\Local Sites\myuni\app\public\wp-content\themes\my_uni\front-page.php:31
Stack trace:
#0 C:\Users\Joyce\Local Sites\myuni\app\public\wp-includes\template-loader.php(106): include()
#1 C:\Users\Joyce\Local Sites\myuni\app\public\wp-blog-header.php(19): require_once('C:\\Users\\Joyce\\...')
#2 C:\Users\Joyce\Local Sites\myuni\app\public\index.php(17): require('C:\\Users\\Joyce\\...')
#3 {main}
  thrown in C:\Users\Joyce\Local Sites\myuni\app\public\wp-content\themes\my_uni\front-page.php on line 31
[25-Jun-2024 02:19:56 UTC] PHP Warning:  Undefined variable $date in C:\Users\Joyce\Local Sites\myuni\app\public\wp-content\themes\my_uni\front-page.php on line 31
[25-Jun-2024 02:19:56 UTC] PHP Fatal error:  Uncaught Error: Call to a member function format() on null in C:\Users\Joyce\Local Sites\myuni\app\public\wp-content\themes\my_uni\front-page.php:31
Stack trace:
#0 C:\Users\Joyce\Local Sites\myuni\app\public\wp-includes\template-loader.php(106): include()
#1 C:\Users\Joyce\Local Sites\myuni\app\public\wp-blog-header.php(19): require_once('C:\\Users\\Joyce\\...')
#2 C:\Users\Joyce\Local Sites\myuni\app\public\index.php(17): require('C:\\Users\\Joyce\\...')
#3 {main}
  thrown in C:\Users\Joyce\Local Sites\myuni\app\public\wp-content\themes\my_uni\front-page.php on line 31
[25-Jun-2024 02:19:57 UTC] PHP Warning:  Undefined variable $date in C:\Users\Joyce\Local Sites\myuni\app\public\wp-content\themes\my_uni\front-page.php on line 31
[25-Jun-2024 02:19:57 UTC] PHP Fatal error:  Uncaught Error: Call to a member function format() on null in C:\Users\Joyce\Local Sites\myuni\app\public\wp-content\themes\my_uni\front-page.php:31
Stack trace:
#0 C:\Users\Joyce\Local Sites\myuni\app\public\wp-includes\template-loader.php(106): include()
#1 C:\Users\Joyce\Local Sites\myuni\app\public\wp-blog-header.php(19): require_once('C:\\Users\\Joyce\\...')
#2 C:\Users\Joyce\Local Sites\myuni\app\public\index.php(17): require('C:\\Users\\Joyce\\...')
#3 {main}
  thrown in C:\Users\Joyce\Local Sites\myuni\app\public\wp-content\themes\my_uni\front-page.php on line 31
[25-Jun-2024 02:21:49 UTC] PHP Warning:  Undefined variable $currentDateate in C:\Users\Joyce\Local Sites\myuni\app\public\wp-content\themes\my_uni\front-page.php on line 28
[25-Jun-2024 02:21:49 UTC] PHP Fatal error:  Uncaught Error: Call to a member function format() on null in C:\Users\Joyce\Local Sites\myuni\app\public\wp-content\themes\my_uni\front-page.php:28
Stack trace:
#0 C:\Users\Joyce\Local Sites\myuni\app\public\wp-includes\template-loader.php(106): include()
#1 C:\Users\Joyce\Local Sites\myuni\app\public\wp-blog-header.php(19): require_once('C:\\Users\\Joyce\\...')
#2 C:\Users\Joyce\Local Sites\myuni\app\public\index.php(17): require('C:\\Users\\Joyce\\...')
#3 {main}
  thrown in C:\Users\Joyce\Local Sites\myuni\app\public\wp-content\themes\my_uni\front-page.php on line 28
[25-Jun-2024 02:22:33 UTC] PHP Fatal error:  Uncaught Error: Call to a member function format() on string in C:\Users\Joyce\Local Sites\myuni\app\public\wp-content\themes\my_uni\front-page.php:28
Stack trace:
#0 C:\Users\Joyce\Local Sites\myuni\app\public\wp-includes\template-loader.php(106): include()
#1 C:\Users\Joyce\Local Sites\myuni\app\public\wp-blog-header.php(19): require_once('C:\\Users\\Joyce\\...')
#2 C:\Users\Joyce\Local Sites\myuni\app\public\index.php(17): require('C:\\Users\\Joyce\\...')
#3 {main}
  thrown in C:\Users\Joyce\Local Sites\myuni\app\public\wp-content\themes\my_uni\front-page.php on line 28
[25-Jun-2024 02:27:10 UTC] PHP Fatal error:  Uncaught Error: Call to a member function format() on bool in C:\Users\Joyce\Local Sites\myuni\app\public\wp-content\themes\my_uni\front-page.php:29
Stack trace:
#0 C:\Users\Joyce\Local Sites\myuni\app\public\wp-includes\template-loader.php(106): include()
#1 C:\Users\Joyce\Local Sites\myuni\app\public\wp-blog-header.php(19): require_once('C:\\Users\\Joyce\\...')
#2 C:\Users\Joyce\Local Sites\myuni\app\public\index.php(17): require('C:\\Users\\Joyce\\...')
#3 {main}
  thrown in C:\Users\Joyce\Local Sites\myuni\app\public\wp-content\themes\my_uni\front-page.php on line 29
[25-Jun-2024 02:30:05 UTC] PHP Parse error:  syntax error, unexpected token "echo", expecting "," or ";" in C:\Users\Joyce\Local Sites\myuni\app\public\wp-content\themes\my_uni\front-page.php on line 30
[25-Jun-2024 02:30:22 UTC] PHP Fatal error:  Uncaught Error: Call to a member function format() on bool in C:\Users\Joyce\Local Sites\myuni\app\public\wp-content\themes\my_uni\front-page.php:30
Stack trace:
#0 C:\Users\Joyce\Local Sites\myuni\app\public\wp-includes\template-loader.php(106): include()
#1 C:\Users\Joyce\Local Sites\myuni\app\public\wp-blog-header.php(19): require_once('C:\\Users\\Joyce\\...')
#2 C:\Users\Joyce\Local Sites\myuni\app\public\index.php(17): require('C:\\Users\\Joyce\\...')
#3 {main}
  thrown in C:\Users\Joyce\Local Sites\myuni\app\public\wp-content\themes\my_uni\front-page.php on line 30
[25-Jun-2024 02:33:52 UTC] PHP Fatal error:  Uncaught Exception: Failed to parse time string (26/12/2024) at position 0 (2): Unexpected character in C:\Users\Joyce\Local Sites\myuni\app\public\wp-content\themes\my_uni\front-page.php:27
Stack trace:
#0 C:\Users\Joyce\Local Sites\myuni\app\public\wp-content\themes\my_uni\front-page.php(27): DateTime->__construct('26/12/2024')
#1 C:\Users\Joyce\Local Sites\myuni\app\public\wp-includes\template-loader.php(106): include('C:\\Users\\Joyce\\...')
#2 C:\Users\Joyce\Local Sites\myuni\app\public\wp-blog-header.php(19): require_once('C:\\Users\\Joyce\\...')
#3 C:\Users\Joyce\Local Sites\myuni\app\public\index.php(17): require('C:\\Users\\Joyce\\...')
#4 {main}
  thrown in C:\Users\Joyce\Local Sites\myuni\app\public\wp-content\themes\my_uni\front-page.php on line 27
[26-Jun-2024 16:30:31 UTC] PHP Warning:  An unexpected error occurred. Something may be wrong with WordPress.org or this server&#8217;s configuration. If you continue to have problems, please try the <a href="https://wordpress.org/support/forums/">support forums</a>. (WordPress could not establish a secure connection to WordPress.org. Please contact your server administrator.) in C:\Users\Joyce\Local Sites\myuni\app\public\wp-includes\update.php on line 211
[26-Jun-2024 16:30:31 UTC] PHP Warning:  An unexpected error occurred. Something may be wrong with WordPress.org or this server&#8217;s configuration. If you continue to have problems, please try the <a href="https://wordpress.org/support/forums/">support forums</a>. (WordPress could not establish a secure connection to WordPress.org. Please contact your server administrator.) in C:\Users\Joyce\Local Sites\myuni\app\public\wp-includes\update.php on line 211
[26-Jun-2024 16:30:31 UTC] PHP Warning:  An unexpected error occurred. Something may be wrong with WordPress.org or this server&#8217;s configuration. If you continue to have problems, please try the <a href="https://wordpress.org/support/forums/">support forums</a>. (WordPress could not establish a secure connection to WordPress.org. Please contact your server administrator.) in C:\Users\Joyce\Local Sites\myuni\app\public\wp-includes\update.php on line 211
[29-Jun-2024 02:01:06 UTC] PHP Parse error:  syntax error, unexpected variable "$homePageEvents" in C:\Users\Joyce\Local Sites\myuni\app\public\wp-content\themes\my_uni\front-page.php on line 19
[29-Jun-2024 02:01:26 UTC] PHP Parse error:  syntax error, unexpected variable "$homePageEvents" in C:\Users\Joyce\Local Sites\myuni\app\public\wp-content\themes\my_uni\front-page.php on line 19
[29-Jun-2024 02:01:27 UTC] PHP Parse error:  syntax error, unexpected variable "$homePageEvents" in C:\Users\Joyce\Local Sites\myuni\app\public\wp-content\themes\my_uni\front-page.php on line 19
[29-Jun-2024 02:11:48 UTC] PHP Parse error:  syntax error, unexpected variable "$homePageEvents" in C:\Users\Joyce\Local Sites\myuni\app\public\wp-content\themes\my_uni\front-page.php on line 19
[29-Jun-2024 02:16:28 UTC] PHP Parse error:  syntax error, unexpected single-quoted string "orderby", expecting ")" in C:\Users\Joyce\Local Sites\myuni\app\public\wp-content\themes\my_uni\front-page.php on line 24
[29-Jun-2024 02:17:12 UTC] PHP Parse error:  syntax error, unexpected single-quoted string "orderby", expecting ")" in C:\Users\Joyce\Local Sites\myuni\app\public\wp-content\themes\my_uni\front-page.php on line 24
[29-Jun-2024 02:17:15 UTC] PHP Parse error:  syntax error, unexpected single-quoted string "orderby", expecting ")" in C:\Users\Joyce\Local Sites\myuni\app\public\wp-content\themes\my_uni\front-page.php on line 24
[29-Jun-2024 02:17:17 UTC] PHP Parse error:  syntax error, unexpected single-quoted string "orderby", expecting ")" in C:\Users\Joyce\Local Sites\myuni\app\public\wp-content\themes\my_uni\front-page.php on line 24
[29-Jun-2024 02:17:19 UTC] PHP Parse error:  syntax error, unexpected single-quoted string "orderby", expecting ")" in C:\Users\Joyce\Local Sites\myuni\app\public\wp-content\themes\my_uni\front-page.php on line 24
[29-Jun-2024 02:17:21 UTC] PHP Parse error:  syntax error, unexpected single-quoted string "orderby", expecting ")" in C:\Users\Joyce\Local Sites\myuni\app\public\wp-content\themes\my_uni\front-page.php on line 24
[29-Jun-2024 02:20:08 UTC] PHP Parse error:  syntax error, unexpected single-quoted string "orderby", expecting ")" in C:\Users\Joyce\Local Sites\myuni\app\public\wp-content\themes\my_uni\front-page.php on line 24
[29-Jun-2024 02:20:55 UTC] PHP Parse error:  syntax error, unexpected single-quoted string "orderby", expecting ")" in C:\Users\Joyce\Local Sites\myuni\app\public\wp-content\themes\my_uni\front-page.php on line 24
[29-Jun-2024 02:20:57 UTC] PHP Parse error:  syntax error, unexpected single-quoted string "orderby", expecting ")" in C:\Users\Joyce\Local Sites\myuni\app\public\wp-content\themes\my_uni\front-page.php on line 24
[30-Jun-2024 02:47:16 UTC] PHP Warning:  An unexpected error occurred. Something may be wrong with WordPress.org or this server&#8217;s configuration. If you continue to have problems, please try the <a href="https://wordpress.org/support/forums/">support forums</a>. (WordPress could not establish a secure connection to WordPress.org. Please contact your server administrator.) in C:\Users\Joyce\Local Sites\myuni\app\public\wp-includes\update.php on line 211
[01-Jul-2024 07:39:00 UTC] PHP Warning:  An unexpected error occurred. Something may be wrong with WordPress.org or this server&#8217;s configuration. If you continue to have problems, please try the <a href="https://wordpress.org/support/forums/">support forums</a>. (WordPress could not establish a secure connection to WordPress.org. Please contact your server administrator.) in C:\Users\Joyce\Local Sites\myuni\app\public\wp-includes\update.php on line 211
[01-Jul-2024 07:39:00 UTC] PHP Warning:  An unexpected error occurred. Something may be wrong with WordPress.org or this server&#8217;s configuration. If you continue to have problems, please try the <a href="https://wordpress.org/support/forums/">support forums</a>. (WordPress could not establish a secure connection to WordPress.org. Please contact your server administrator.) in C:\Users\Joyce\Local Sites\myuni\app\public\wp-includes\update.php on line 211
[01-Jul-2024 08:08:10 UTC] PHP Parse error:  syntax error, unexpected identifier "rel", expecting ")" in C:\Users\Joyce\Local Sites\myuni\app\public\wp-content\themes\my_uni\functions.php on line 7
[01-Jul-2024 08:08:10 UTC] PHP Parse error:  syntax error, unexpected identifier "rel", expecting ")" in C:\Users\Joyce\Local Sites\myuni\app\public\wp-content\themes\my_uni\functions.php on line 7
[01-Jul-2024 08:09:47 UTC] PHP Parse error:  syntax error, unexpected token "}" in C:\Users\Joyce\Local Sites\myuni\app\public\wp-content\themes\my_uni\functions.php on line 8
[01-Jul-2024 08:09:47 UTC] PHP Parse error:  syntax error, unexpected token "}" in C:\Users\Joyce\Local Sites\myuni\app\public\wp-content\themes\my_uni\functions.php on line 8
[01-Jul-2024 08:09:48 UTC] PHP Parse error:  syntax error, unexpected token "}" in C:\Users\Joyce\Local Sites\myuni\app\public\wp-content\themes\my_uni\functions.php on line 8
[01-Jul-2024 08:09:49 UTC] PHP Parse error:  syntax error, unexpected token "}" in C:\Users\Joyce\Local Sites\myuni\app\public\wp-content\themes\my_uni\functions.php on line 8
[04-Jul-2024 08:11:03 UTC] PHP Warning:  An unexpected error occurred. Something may be wrong with WordPress.org or this server&#8217;s configuration. If you continue to have problems, please try the <a href="https://wordpress.org/support/forums/">support forums</a>. (WordPress could not establish a secure connection to WordPress.org. Please contact your server administrator.) in C:\Users\Joyce\Local Sites\myuni\app\public\wp-includes\update.php on line 211
[08-Jul-2024 16:47:09 UTC] PHP Parse error:  syntax error, unexpected identifier "id", expecting "]" in C:\Users\Joyce\Local Sites\myuni\app\public\wp-content\themes\my_uni\front-page.php on line 102
[08-Jul-2024 16:47:51 UTC] PHP Parse error:  syntax error, unexpected identifier "id" in C:\Users\Joyce\Local Sites\myuni\app\public\wp-content\themes\my_uni\front-page.php on line 102
[08-Jul-2024 16:48:47 UTC] PHP Parse error:  syntax error, unexpected identifier "id", expecting "]" in C:\Users\Joyce\Local Sites\myuni\app\public\wp-content\themes\my_uni\front-page.php on line 102
[25-Jul-2024 11:12:13 UTC] PHP Fatal error:  Cannot redeclare schPostTypes() (previously declared in C:\Users\Joyce\Local Sites\myuni\app\public\wp-content\mu-plugins\schoolposttypes-custom.php:3) in C:\Users\Joyce\Local Sites\myuni\app\public\wp-content\mu-plugins\schoolposttypes-custom.php on line 24
[25-Jul-2024 11:12:13 UTC] PHP Fatal error:  Cannot redeclare schPostTypes() (previously declared in C:\Users\Joyce\Local Sites\myuni\app\public\wp-content\mu-plugins\schoolposttypes-custom.php:3) in C:\Users\Joyce\Local Sites\myuni\app\public\wp-content\mu-plugins\schoolposttypes-custom.php on line 24
[25-Jul-2024 11:12:31 UTC] PHP Parse error:  Unmatched '}' in C:\Users\Joyce\Local Sites\myuni\app\public\wp-content\mu-plugins\schoolposttypes-custom.php on line 40
[25-Jul-2024 11:12:31 UTC] PHP Parse error:  Unmatched '}' in C:\Users\Joyce\Local Sites\myuni\app\public\wp-content\mu-plugins\schoolposttypes-custom.php on line 40
[25-Jul-2024 11:12:59 UTC] PHP Fatal error:  Uncaught Error: Call to a member function add_rewrite_tag() on null in C:\Users\Joyce\Local Sites\myuni\app\public\wp-includes\rewrite.php:176
Stack trace:
#0 C:\Users\Joyce\Local Sites\myuni\app\public\wp-includes\class-wp-post-type.php(709): add_rewrite_tag('%program%', '([^/]+)', 'program=')
#1 C:\Users\Joyce\Local Sites\myuni\app\public\wp-includes\post.php(1807): WP_Post_Type->add_rewrite_rules()
#2 C:\Users\Joyce\Local Sites\myuni\app\public\wp-content\mu-plugins\schoolposttypes-custom.php(24): register_post_type('program', Array)
#3 C:\Users\Joyce\Local Sites\myuni\app\public\wp-settings.php(447): include_once('C:\\Users\\Joyce\\...')
#4 C:\Users\Joyce\Local Sites\myuni\app\public\wp-config.php(103): require_once('C:\\Users\\Joyce\\...')
#5 C:\Users\Joyce\Local Sites\myuni\app\public\wp-load.php(50): require_once('C:\\Users\\Joyce\\...')
#6 C:\Users\Joyce\Local Sites\myuni\app\public\wp-admin\admin.php(34): require_once('C:\\Users\\Joyce\\...')
#7 C:\Users\Joyce\Local Sites\myuni\app\public\wp-admin\index.php(10): require_once('C:\\Users\\Joyce\\...')
#8 {main}
  thrown in C:\Users\Joyce\Local Sites\myuni\app\public\wp-includes\rewrite.php on line 176
[25-Jul-2024 11:12:59 UTC] PHP Fatal error:  Uncaught Error: Call to a member function add_rewrite_tag() on null in C:\Users\Joyce\Local Sites\myuni\app\public\wp-includes\rewrite.php:176
Stack trace:
#0 C:\Users\Joyce\Local Sites\myuni\app\public\wp-includes\class-wp-post-type.php(709): add_rewrite_tag('%program%', '([^/]+)', 'program=')
#1 C:\Users\Joyce\Local Sites\myuni\app\public\wp-includes\post.php(1807): WP_Post_Type->add_rewrite_rules()
#2 C:\Users\Joyce\Local Sites\myuni\app\public\wp-content\mu-plugins\schoolposttypes-custom.php(24): register_post_type('program', Array)
#3 C:\Users\Joyce\Local Sites\myuni\app\public\wp-settings.php(447): include_once('C:\\Users\\Joyce\\...')
#4 C:\Users\Joyce\Local Sites\myuni\app\public\wp-config.php(103): require_once('C:\\Users\\Joyce\\...')
#5 C:\Users\Joyce\Local Sites\myuni\app\public\wp-load.php(50): require_once('C:\\Users\\Joyce\\...')
#6 C:\Users\Joyce\Local Sites\myuni\app\public\wp-blog-header.php(13): require_once('C:\\Users\\Joyce\\...')
#7 C:\Users\Joyce\Local Sites\myuni\app\public\index.php(17): require('C:\\Users\\Joyce\\...')
#8 {main}
  thrown in C:\Users\Joyce\Local Sites\myuni\app\public\wp-includes\rewrite.php on line 176
[25-Jul-2024 11:15:36 UTC] PHP Fatal error:  Uncaught Error: Call to a member function add_rewrite_tag() on null in C:\Users\Joyce\Local Sites\myuni\app\public\wp-includes\rewrite.php:176
Stack trace:
#0 C:\Users\Joyce\Local Sites\myuni\app\public\wp-includes\class-wp-post-type.php(709): add_rewrite_tag('%program%', '([^/]+)', 'program=')
#1 C:\Users\Joyce\Local Sites\myuni\app\public\wp-includes\post.php(1807): WP_Post_Type->add_rewrite_rules()
#2 C:\Users\Joyce\Local Sites\myuni\app\public\wp-content\mu-plugins\schoolposttypes-custom.php(24): register_post_type('program', Array)
#3 C:\Users\Joyce\Local Sites\myuni\app\public\wp-settings.php(447): include_once('C:\\Users\\Joyce\\...')
#4 C:\Users\Joyce\Local Sites\myuni\app\public\wp-config.php(103): require_once('C:\\Users\\Joyce\\...')
#5 C:\Users\Joyce\Local Sites\myuni\app\public\wp-load.php(50): require_once('C:\\Users\\Joyce\\...')
#6 C:\Users\Joyce\Local Sites\myuni\app\public\wp-admin\admin.php(34): require_once('C:\\Users\\Joyce\\...')
#7 C:\Users\Joyce\Local Sites\myuni\app\public\wp-admin\index.php(10): require_once('C:\\Users\\Joyce\\...')
#8 {main}
  thrown in C:\Users\Joyce\Local Sites\myuni\app\public\wp-includes\rewrite.php on line 176
[25-Jul-2024 11:15:36 UTC] PHP Fatal error:  Uncaught Error: Call to a member function add_rewrite_tag() on null in C:\Users\Joyce\Local Sites\myuni\app\public\wp-includes\rewrite.php:176
Stack trace:
#0 C:\Users\Joyce\Local Sites\myuni\app\public\wp-includes\class-wp-post-type.php(709): add_rewrite_tag('%program%', '([^/]+)', 'program=')
#1 C:\Users\Joyce\Local Sites\myuni\app\public\wp-includes\post.php(1807): WP_Post_Type->add_rewrite_rules()
#2 C:\Users\Joyce\Local Sites\myuni\app\public\wp-content\mu-plugins\schoolposttypes-custom.php(24): register_post_type('program', Array)
#3 C:\Users\Joyce\Local Sites\myuni\app\public\wp-settings.php(447): include_once('C:\\Users\\Joyce\\...')
#4 C:\Users\Joyce\Local Sites\myuni\app\public\wp-config.php(103): require_once('C:\\Users\\Joyce\\...')
#5 C:\Users\Joyce\Local Sites\myuni\app\public\wp-load.php(50): require_once('C:\\Users\\Joyce\\...')
#6 C:\Users\Joyce\Local Sites\myuni\app\public\wp-blog-header.php(13): require_once('C:\\Users\\Joyce\\...')
#7 C:\Users\Joyce\Local Sites\myuni\app\public\index.php(17): require('C:\\Users\\Joyce\\...')
#8 {main}
  thrown in C:\Users\Joyce\Local Sites\myuni\app\public\wp-includes\rewrite.php on line 176
[25-Jul-2024 11:15:37 UTC] PHP Fatal error:  Uncaught Error: Call to a member function add_rewrite_tag() on null in C:\Users\Joyce\Local Sites\myuni\app\public\wp-includes\rewrite.php:176
Stack trace:
#0 C:\Users\Joyce\Local Sites\myuni\app\public\wp-includes\class-wp-post-type.php(709): add_rewrite_tag('%program%', '([^/]+)', 'program=')
#1 C:\Users\Joyce\Local Sites\myuni\app\public\wp-includes\post.php(1807): WP_Post_Type->add_rewrite_rules()
#2 C:\Users\Joyce\Local Sites\myuni\app\public\wp-content\mu-plugins\schoolposttypes-custom.php(24): register_post_type('program', Array)
#3 C:\Users\Joyce\Local Sites\myuni\app\public\wp-settings.php(447): include_once('C:\\Users\\Joyce\\...')
#4 C:\Users\Joyce\Local Sites\myuni\app\public\wp-config.php(103): require_once('C:\\Users\\Joyce\\...')
#5 C:\Users\Joyce\Local Sites\myuni\app\public\wp-load.php(50): require_once('C:\\Users\\Joyce\\...')
#6 C:\Users\Joyce\Local Sites\myuni\app\public\wp-admin\admin.php(34): require_once('C:\\Users\\Joyce\\...')
#7 C:\Users\Joyce\Local Sites\myuni\app\public\wp-admin\index.php(10): require_once('C:\\Users\\Joyce\\...')
#8 {main}
  thrown in C:\Users\Joyce\Local Sites\myuni\app\public\wp-includes\rewrite.php on line 176
[25-Jul-2024 11:15:38 UTC] PHP Fatal error:  Uncaught Error: Call to a member function add_rewrite_tag() on null in C:\Users\Joyce\Local Sites\myuni\app\public\wp-includes\rewrite.php:176
Stack trace:
#0 C:\Users\Joyce\Local Sites\myuni\app\public\wp-includes\class-wp-post-type.php(709): add_rewrite_tag('%program%', '([^/]+)', 'program=')
#1 C:\Users\Joyce\Local Sites\myuni\app\public\wp-includes\post.php(1807): WP_Post_Type->add_rewrite_rules()
#2 C:\Users\Joyce\Local Sites\myuni\app\public\wp-content\mu-plugins\schoolposttypes-custom.php(24): register_post_type('program', Array)
#3 C:\Users\Joyce\Local Sites\myuni\app\public\wp-settings.php(447): include_once('C:\\Users\\Joyce\\...')
#4 C:\Users\Joyce\Local Sites\myuni\app\public\wp-config.php(103): require_once('C:\\Users\\Joyce\\...')
#5 C:\Users\Joyce\Local Sites\myuni\app\public\wp-load.php(50): require_once('C:\\Users\\Joyce\\...')
#6 C:\Users\Joyce\Local Sites\myuni\app\public\wp-blog-header.php(13): require_once('C:\\Users\\Joyce\\...')
#7 C:\Users\Joyce\Local Sites\myuni\app\public\index.php(17): require('C:\\Users\\Joyce\\...')
#8 {main}
  thrown in C:\Users\Joyce\Local Sites\myuni\app\public\wp-includes\rewrite.php on line 176
